1
0
1
ASSEMBLY
4
BATTERY-1
BATTERY
CF-1
CF
CF-2
CF
POLYMER-1
POLYMER
4
BATTERY-1
338
1 1
2 2
3 3
4 4
5 5
6 6
7 7
8 8
9 9
10 10
11 11
12 12
13 13
14 14
15 15
16 16
17 17
18 18
19 19
20 20
21 21
22 22
23 23
24 24
25 25
26 26
27 27
28 28
29 29
30 30
31 31
32 32
33 33
34 34
35 35
36 36
37 37
38 38
39 39
40 40
41 41
42 42
43 43
44 44
45 45
46 46
47 47
48 48
49 49
50 50
51 51
52 52
53 53
54 54
55 55
56 56
57 57
58 58
59 59
60 60
61 61
62 62
63 63
64 64
65 65
66 66
67 67
68 68
69 69
70 70
71 71
72 72
73 73
74 74
75 75
76 76
77 77
78 78
79 79
80 80
81 81
82 82
83 83
84 84
85 85
86 86
87 87
88 88
89 89
90 90
91 91
92 92
93 93
94 94
95 95
96 96
97 97
98 98
99 99
100 100
101 101
102 102
103 103
104 104
105 105
106 106
107 107
108 108
109 109
110 110
111 111
112 112
113 113
114 114
115 115
116 116
117 117
118 118
119 119
120 120
121 121
122 122
123 123
124 124
125 125
126 126
127 127
128 128
129 129
130 130
131 131
132 132
133 133
134 134
135 135
136 136
137 137
138 138
139 139
140 140
141 141
142 142
143 143
144 144
145 145
146 146
147 147
148 148
149 149
150 150
151 151
152 152
153 153
154 154
155 155
156 156
157 157
158 158
159 159
160 160
161 161
162 162
163 163
164 164
165 165
166 166
167 167
168 168
169 169
170 170
171 171
172 172
173 173
174 174
175 175
176 176
177 177
178 178
179 179
180 180
181 181
182 182
183 183
184 184
185 185
186 186
187 187
188 188
189 189
190 190
191 191
192 192
193 193
194 194
195 195
196 196
197 197
198 198
199 199
200 200
201 201
202 202
203 203
204 204
205 205
206 206
207 207
208 208
209 209
210 210
211 211
212 212
213 213
214 214
215 215
216 216
217 217
218 218
219 219
220 220
221 221
222 222
223 223
224 224
225 225
226 226
227 227
228 228
229 229
230 230
231 231
232 232
233 233
234 234
235 235
236 236
237 237
238 238
239 239
240 240
241 241
242 242
243 243
244 244
245 245
246 246
247 247
248 248
249 249
250 250
251 251
252 252
253 253
254 254
255 255
256 256
257 257
258 258
259 259
260 260
261 261
262 262
263 263
264 264
265 265
266 266
267 267
268 268
269 269
270 270
271 271
272 272
273 273
274 274
275 275
276 276
277 277
278 278
279 279
280 280
281 281
282 282
283 283
284 284
285 285
286 286
287 287
288 288
289 289
290 290
291 291
292 292
293 293
294 294
295 295
296 296
297 297
298 298
299 299
300 300
301 301
302 302
303 303
304 304
305 305
306 306
307 307
308 308
309 309
310 310
311 311
312 312
313 313
314 314
315 315
316 316
317 317
318 318
319 319
320 320
321 321
322 322
323 323
324 324
325 325
326 326
327 327
328 328
329 329
330 330
331 331
332 332
333 333
334 334
335 335
336 336
337 337
338 338
1 1
2 2
3 3
4 4
5 5
6 6
7 7
8 8
9 9
10 10
11 11
12 12
13 13
14 14
15 15
16 16
17 17
18 18
19 19
20 20
21 21
22 22
23 23
24 24
25 25
26 26
27 27
28 28
29 29
30 30
31 31
32 32
33 33
34 34
35 35
36 36
37 37
38 38
39 39
40 40
41 41
42 42
43 43
44 44
45 45
46 46
47 47
48 48
49 49
50 50
51 51
52 52
53 53
54 54
55 55
56 56
57 57
58 58
59 59
60 60
61 61
62 62
63 63
64 64
65 65
66 66
67 67
68 68
69 69
70 70
71 71
72 72
73 73
74 74
75 75
76 76
77 77
78 78
79 79
80 80
81 81
82 82
83 83
84 84
85 85
86 86
87 87
88 88
89 89
90 90
91 91
92 92
93 93
94 94
95 95
96 96
97 97
98 98
99 99
100 100
101 101
102 102
103 103
104 104
105 105
106 106
107 107
108 108
109 109
110 110
111 111
112 112
113 113
114 114
115 115
116 116
117 117
118 118
119 119
120 120
121 121
122 122
123 123
124 124
125 125
126 126
127 127
128 128
129 129
130 130
131 131
132 132
133 133
134 134
135 135
136 136
137 137
138 138
139 139
140 140
141 141
142 142
143 143
144 144
145 145
146 146
147 147
148 148
149 149
150 150
151 151
152 152
153 153
154 154
155 155
156 156
157 157
158 158
159 159
160 160
161 161
162 162
163 163
164 164
165 165
166 166
167 167
168 168
169 169
170 170
171 171
172 172
173 173
174 174
175 175
176 176
177 177
178 178
179 179
180 180
181 181
182 182
183 183
184 184
185 185
186 186
187 187
188 188
189 189
190 190
191 191
192 192
193 193
194 194
195 195
196 196
197 197
198 198
199 199
200 200
201 201
202 202
203 203
204 204
205 205
206 206
207 207
208 208
209 209
210 210
211 211
212 212
213 213
214 214
215 215
216 216
217 217
218 218
219 219
220 220
221 221
222 222
223 223
224 224
225 225
226 226
227 227
228 228
229 229
230 230
231 231
232 232
233 233
234 234
235 235
236 236
237 237
238 238
239 239
240 240
241 241
242 242
243 243
244 244
245 245
246 246
247 247
248 248
249 249
250 250
251 251
252 252
253 253
254 254
255 255
256 256
257 257
258 258
259 259
260 260
261 261
262 262
263 263
264 264
265 265
266 266
267 267
268 268
269 269
270 270
271 271
272 272
273 273
274 274
275 275
276 276
277 277
278 278
279 279
280 280
281 281
282 282
283 283
284 284
285 285
286 286
287 287
288 288
289 289
290 290
291 291
292 292
293 293
294 294
295 295
296 296
297 297
298 298
299 299
300 300
301 301
302 302
303 303
304 304
305 305
306 306
307 307
308 308
309 309
310 310
311 311
312 312
313 313
314 314
315 315
316 316
317 317
318 318
319 319
320 320
321 321
322 322
323 323
324 324
325 325
326 326
327 327
328 328
329 329
330 330
331 331
332 332
333 333
334 334
335 335
336 336
337 337
338 338
CF-1
128
339 1
340 2
341 3
342 4
343 5
344 6
345 7
346 8
347 9
348 10
349 11
350 12
351 13
352 14
353 15
354 16
355 17
356 18
357 19
358 20
359 21
360 22
361 23
362 24
363 25
364 26
365 27
366 28
367 29
368 30
369 31
370 32
371 33
372 34
373 35
374 36
375 37
376 38
377 39
378 40
379 41
380 42
381 43
382 44
383 45
384 46
385 47
386 48
387 49
388 50
389 51
390 52
391 53
392 54
393 55
394 56
395 57
396 58
397 59
398 60
399 61
400 62
401 63
402 64
403 65
404 66
405 67
406 68
407 69
408 70
409 71
410 72
411 73
412 74
413 75
414 76
415 77
416 78
417 79
418 80
419 81
420 82
421 83
422 84
423 85
424 86
425 87
426 88
427 89
428 90
429 91
430 92
431 93
432 94
433 95
434 96
435 97
436 98
437 99
438 100
439 101
440 102
441 103
442 104
443 105
444 106
445 107
446 108
447 109
448 110
449 111
450 112
451 113
452 114
453 115
454 116
455 117
456 118
457 119
458 120
459 121
460 122
461 123
462 124
463 125
464 126
465 127
466 128
1 339
2 340
3 341
4 342
5 343
6 344
7 345
8 346
9 347
10 348
11 349
12 350
13 351
14 352
15 353
16 354
17 355
18 356
19 357
20 358
21 359
22 360
23 361
24 362
25 363
26 364
27 365
28 366
29 367
30 368
31 369
32 370
33 371
34 372
35 373
36 374
37 375
38 376
39 377
40 378
41 379
42 380
43 381
44 382
45 383
46 384
47 385
48 386
49 387
50 388
51 389
52 390
53 391
54 392
55 393
56 394
57 395
58 396
59 397
60 398
61 399
62 400
63 401
64 402
65 403
66 404
67 405
68 406
69 407
70 408
71 409
72 410
73 411
74 412
75 413
76 414
77 415
78 416
79 417
80 418
81 419
82 420
83 421
84 422
85 423
86 424
87 425
88 426
89 427
90 428
91 429
92 430
93 431
94 432
95 433
96 434
97 435
98 436
99 437
100 438
101 439
102 440
103 441
104 442
105 443
106 444
107 445
108 446
109 447
110 448
111 449
112 450
113 451
114 452
115 453
116 454
117 455
118 456
119 457
120 458
121 459
122 460
123 461
124 462
125 463
126 464
127 465
128 466
CF-2
128
467 1
468 2
469 3
470 4
471 5
472 6
473 7
474 8
475 9
476 10
477 11
478 12
479 13
480 14
481 15
482 16
483 17
484 18
485 19
486 20
487 21
488 22
489 23
490 24
491 25
492 26
493 27
494 28
495 29
496 30
497 31
498 32
499 33
500 34
501 35
502 36
503 37
504 38
505 39
506 40
507 41
508 42
509 43
510 44
511 45
512 46
513 47
514 48
515 49
516 50
517 51
518 52
519 53
520 54
521 55
522 56
523 57
524 58
525 59
526 60
527 61
528 62
529 63
530 64
531 65
532 66
533 67
534 68
535 69
536 70
537 71
538 72
539 73
540 74
541 75
542 76
543 77
544 78
545 79
546 80
547 81
548 82
549 83
550 84
551 85
552 86
553 87
554 88
555 89
556 90
557 91
558 92
559 93
560 94
561 95
562 96
563 97
564 98
565 99
566 100
567 101
568 102
569 103
570 104
571 105
572 106
573 107
574 108
575 109
576 110
577 111
578 112
579 113
580 114
581 115
582 116
583 117
584 118
585 119
586 120
587 121
588 122
589 123
590 124
591 125
592 126
593 127
594 128
1 467
2 468
3 469
4 470
5 471
6 472
7 473
8 474
9 475
10 476
11 477
12 478
13 479
14 480
15 481
16 482
17 483
18 484
19 485
20 486
21 487
22 488
23 489
24 490
25 491
26 492
27 493
28 494
29 495
30 496
31 497
32 498
33 499
34 500
35 501
36 502
37 503
38 504
39 505
40 506
41 507
42 508
43 509
44 510
45 511
46 512
47 513
48 514
49 515
50 516
51 517
52 518
53 519
54 520
55 521
56 522
57 523
58 524
59 525
60 526
61 527
62 528
63 529
64 530
65 531
66 532
67 533
68 534
69 535
70 536
71 537
72 538
73 539
74 540
75 541
76 542
77 543
78 544
79 545
80 546
81 547
82 548
83 549
84 550
85 551
86 552
87 553
88 554
89 555
90 556
91 557
92 558
93 559
94 560
95 561
96 562
97 563
98 564
99 565
100 566
101 567
102 568
103 569
104 570
105 571
106 572
107 573
108 574
109 575
110 576
111 577
112 578
113 579
114 580
115 581
116 582
117 583
118 584
119 585
120 586
121 587
122 588
123 589
124 590
125 591
126 592
127 593
128 594
POLYMER-1
214
595 1
596 2
597 3
598 4
599 5
600 6
601 7
602 8
603 9
604 10
605 11
606 12
607 13
608 14
609 15
610 16
611 17
612 18
613 19
614 20
615 21
616 22
617 23
618 24
619 25
620 26
621 27
622 28
623 29
624 30
625 31
626 32
627 33
628 34
629 35
630 36
631 37
632 38
633 39
634 40
635 41
636 42
637 43
638 44
639 45
640 46
641 47
642 48
643 49
644 50
645 51
646 52
647 53
648 54
649 55
650 56
651 57
652 58
653 59
654 60
655 61
656 62
657 63
658 64
659 65
660 66
661 67
662 68
663 69
664 70
665 71
666 72
667 73
668 74
669 75
670 76
671 77
672 78
673 79
674 80
675 81
676 82
677 83
678 84
679 85
680 86
681 87
682 88
683 89
684 90
685 91
686 92
687 93
688 94
689 95
690 96
691 97
692 98
693 99
694 100
695 101
696 102
697 103
698 104
699 105
700 106
701 107
702 108
703 109
704 110
705 111
706 112
707 113
708 114
709 115
710 116
711 117
712 118
713 119
714 120
715 121
716 122
717 123
718 124
719 125
720 126
721 127
722 128
723 129
724 130
725 131
726 132
727 133
728 134
729 135
730 136
731 137
732 138
733 139
734 140
735 141
736 142
737 143
738 144
739 145
740 146
741 147
742 148
743 149
744 150
745 151
746 152
747 153
748 154
749 155
750 156
751 157
752 158
753 159
754 160
755 161
756 162
757 163
758 164
759 165
760 166
761 167
762 168
763 169
764 170
765 171
766 172
767 173
768 174
769 175
770 176
771 177
772 178
773 179
774 180
775 181
776 182
777 183
778 184
779 185
780 186
781 187
782 188
783 189
784 190
785 191
786 192
787 193
788 194
789 195
790 196
791 197
792 198
793 199
794 200
795 201
796 202
797 203
798 204
799 205
800 206
801 207
802 208
803 209
804 210
805 211
806 212
807 213
808 214
1 595
2 596
3 597
4 598
5 599
6 600
7 601
8 602
9 603
10 604
11 605
12 606
13 607
14 608
15 609
16 610
17 611
18 612
19 613
20 614
21 615
22 616
23 617
24 618
25 619
26 620
27 621
28 622
29 623
30 624
31 625
32 626
33 627
34 628
35 629
36 630
37 631
38 632
39 633
40 634
41 635
42 636
43 637
44 638
45 639
46 640
47 641
48 642
49 643
50 644
51 645
52 646
53 647
54 648
55 649
56 650
57 651
58 652
59 653
60 654
61 655
62 656
63 657
64 658
65 659
66 660
67 661
68 662
69 663
70 664
71 665
72 666
73 667
74 668
75 669
76 670
77 671
78 672
79 673
80 674
81 675
82 676
83 677
84 678
85 679
86 680
87 681
88 682
89 683
90 684
91 685
92 686
93 687
94 688
95 689
96 690
97 691
98 692
99 693
100 694
101 695
102 696
103 697
104 698
105 699
106 700
107 701
108 702
109 703
110 704
111 705
112 706
113 707
114 708
115 709
116 710
117 711
118 712
119 713
120 714
121 715
122 716
123 717
124 718
125 719
126 720
127 721
128 722
129 723
130 724
131 725
132 726
133 727
134 728
135 729
136 730
137 731
138 732
139 733
140 734
141 735
142 736
143 737
144 738
145 739
146 740
147 741
148 742
149 743
150 744
151 745
152 746
153 747
154 748
155 749
156 750
157 751
158 752
159 753
160 754
161 755
162 756
163 757
164 758
165 759
166 760
167 761
168 762
169 763
170 764
171 765
172 766
173 767
174 768
175 769
176 770
177 771
178 772
179 773
180 774
181 775
182 776
183 777
184 778
185 779
186 780
187 781
188 782
189 783
190 784
191 785
192 786
193 787
194 788
195 789
196 790
197 791
198 792
199 793
200 794
201 795
202 796
203 797
204 798
205 799
206 800
207 801
208 802
209 803
210 804
211 805
212 806
213 807
214 808
0
4
BATTERY-1
147
1 1
2 2
3 3
4 4
5 5
6 6
7 7
8 8
9 9
10 10
11 11
12 12
13 13
14 14
15 15
16 16
17 17
18 18
19 19
20 20
21 21
22 22
23 23
24 24
25 25
26 26
27 27
28 28
29 29
30 30
31 31
32 32
33 33
34 34
35 35
36 36
37 37
38 38
39 39
40 40
41 41
42 42
43 43
44 44
45 45
46 46
47 47
48 48
49 49
50 50
51 51
52 52
53 53
54 54
55 55
56 56
57 57
58 58
59 59
60 60
61 61
62 62
63 63
64 64
65 65
66 66
67 67
68 68
69 69
70 70
71 71
72 72
73 73
74 74
75 75
76 76
77 77
78 78
79 79
80 80
81 81
82 82
83 83
84 84
85 85
86 86
87 87
88 88
89 89
90 90
91 91
92 92
93 93
94 94
95 95
96 96
97 97
98 98
99 99
100 100
101 101
102 102
103 103
104 104
105 105
106 106
107 107
108 108
109 109
110 110
111 111
112 112
113 113
114 114
115 115
116 116
117 117
118 118
119 119
120 120
121 121
122 122
123 123
124 124
125 125
126 126
127 127
128 128
129 129
130 130
131 131
132 132
133 133
134 134
135 135
136 136
137 137
138 138
139 139
140 140
141 141
142 142
143 143
144 144
145 145
146 146
147 147
1 1
2 2
3 3
4 4
5 5
6 6
7 7
8 8
9 9
10 10
11 11
12 12
13 13
14 14
15 15
16 16
17 17
18 18
19 19
20 20
21 21
22 22
23 23
24 24
25 25
26 26
27 27
28 28
29 29
30 30
31 31
32 32
33 33
34 34
35 35
36 36
37 37
38 38
39 39
40 40
41 41
42 42
43 43
44 44
45 45
46 46
47 47
48 48
49 49
50 50
51 51
52 52
53 53
54 54
55 55
56 56
57 57
58 58
59 59
60 60
61 61
62 62
63 63
64 64
65 65
66 66
67 67
68 68
69 69
70 70
71 71
72 72
73 73
74 74
75 75
76 76
77 77
78 78
79 79
80 80
81 81
82 82
83 83
84 84
85 85
86 86
87 87
88 88
89 89
90 90
91 91
92 92
93 93
94 94
95 95
96 96
97 97
98 98
99 99
100 100
101 101
102 102
103 103
104 104
105 105
106 106
107 107
108 108
109 109
110 110
111 111
112 112
113 113
114 114
115 115
116 116
117 117
118 118
119 119
120 120
121 121
122 122
123 123
124 124
125 125
126 126
127 127
128 128
129 129
130 130
131 131
132 132
133 133
134 134
135 135
136 136
137 137
138 138
139 139
140 140
141 141
142 142
143 143
144 144
145 145
146 146
147 147
CF-1
105
148 1
149 2
150 3
151 4
152 5
153 6
154 7
155 8
156 9
157 10
158 11
159 12
160 13
161 14
162 15
163 16
164 17
165 18
166 19
167 20
168 21
169 22
170 23
171 24
172 25
173 26
174 27
175 28
176 29
177 30
178 31
179 32
180 33
181 34
182 35
183 36
184 37
185 38
186 39
187 40
188 41
189 42
190 43
191 44
192 45
193 46
194 47
195 48
196 49
197 50
198 51
199 52
200 53
201 54
202 55
203 56
204 57
205 58
206 59
207 60
208 61
209 62
210 63
211 64
212 65
213 66
214 67
215 68
216 69
217 70
218 71
219 72
220 73
221 74
222 75
223 76
224 77
225 78
226 79
227 80
228 81
229 82
230 83
231 84
232 85
233 86
234 87
235 88
236 89
237 90
238 91
239 92
240 93
241 94
242 95
243 96
244 97
245 98
246 99
247 100
248 101
249 102
250 103
251 104
252 105
1 148
2 149
3 150
4 151
5 152
6 153
7 154
8 155
9 156
10 157
11 158
12 159
13 160
14 161
15 162
16 163
17 164
18 165
19 166
20 167
21 168
22 169
23 170
24 171
25 172
26 173
27 174
28 175
29 176
30 177
31 178
32 179
33 180
34 181
35 182
36 183
37 184
38 185
39 186
40 187
41 188
42 189
43 190
44 191
45 192
46 193
47 194
48 195
49 196
50 197
51 198
52 199
53 200
54 201
55 202
56 203
57 204
58 205
59 206
60 207
61 208
62 209
63 210
64 211
65 212
66 213
67 214
68 215
69 216
70 217
71 218
72 219
73 220
74 221
75 222
76 223
77 224
78 225
79 226
80 227
81 228
82 229
83 230
84 231
85 232
86 233
87 234
88 235
89 236
90 237
91 238
92 239
93 240
94 241
95 242
96 243
97 244
98 245
99 246
100 247
101 248
102 249
103 250
104 251
105 252
CF-2
105
253 1
254 2
255 3
256 4
257 5
258 6
259 7
260 8
261 9
262 10
263 11
264 12
265 13
266 14
267 15
268 16
269 17
270 18
271 19
272 20
273 21
274 22
275 23
276 24
277 25
278 26
279 27
280 28
281 29
282 30
283 31
284 32
285 33
286 34
287 35
288 36
289 37
290 38
291 39
292 40
293 41
294 42
295 43
296 44
297 45
298 46
299 47
300 48
301 49
302 50
303 51
304 52
305 53
306 54
307 55
308 56
309 57
310 58
311 59
312 60
313 61
314 62
315 63
316 64
317 65
318 66
319 67
320 68
321 69
322 70
323 71
324 72
325 73
326 74
327 75
328 76
329 77
330 78
331 79
332 80
333 81
334 82
335 83
336 84
337 85
338 86
339 87
340 88
341 89
342 90
343 91
344 92
345 93
346 94
347 95
348 96
349 97
350 98
351 99
352 100
353 101
354 102
355 103
356 104
357 105
1 253
2 254
3 255
4 256
5 257
6 258
7 259
8 260
9 261
10 262
11 263
12 264
13 265
14 266
15 267
16 268
17 269
18 270
19 271
20 272
21 273
22 274
23 275
24 276
25 277
26 278
27 279
28 280
29 281
30 282
31 283
32 284
33 285
34 286
35 287
36 288
37 289
38 290
39 291
40 292
41 293
42 294
43 295
44 296
45 297
46 298
47 299
48 300
49 301
50 302
51 303
52 304
53 305
54 306
55 307
56 308
57 309
58 310
59 311
60 312
61 313
62 314
63 315
64 316
65 317
66 318
67 319
68 320
69 321
70 322
71 323
72 324
73 325
74 326
75 327
76 328
77 329
78 330
79 331
80 332
81 333
82 334
83 335
84 336
85 337
86 338
87 339
88 340
89 341
90 342
91 343
92 344
93 345
94 346
95 347
96 348
97 349
98 350
99 351
100 352
101 353
102 354
103 355
104 356
105 357
POLYMER-1
64
358 1
359 2
360 3
361 4
362 5
363 6
364 7
365 8
366 9
367 10
368 11
369 12
370 13
371 14
372 15
373 16
374 17
375 18
376 19
377 20
378 21
379 22
380 23
381 24
382 25
383 26
384 27
385 28
386 29
387 30
388 31
389 32
390 33
391 34
392 35
393 36
394 37
395 38
396 39
397 40
398 41
399 42
400 43
401 44
402 45
403 46
404 47
405 48
406 49
407 50
408 51
409 52
410 53
411 54
412 55
413 56
414 57
415 58
416 59
417 60
418 61
419 62
420 63
421 64
1 358
2 359
3 360
4 361
5 362
6 363
7 364
8 365
9 366
10 367
11 368
12 369
13 370
14 371
15 372
16 373
17 374
18 375
19 376
20 377
21 378
22 379
23 380
24 381
25 382
26 383
27 384
28 385
29 386
30 387
31 388
32 389
33 390
34 391
35 392
36 393
37 394
38 395
39 396
40 397
41 398
42 399
43 400
44 401
45 402
46 403
47 404
48 405
49 406
50 407
51 408
52 409
53 410
54 411
55 412
56 413
57 414
58 415
59 416
60 417
61 418
62 419
63 420
64 421
0
3

0
2
0
4
BATTERY-1
147
1 2 3 4 5 6 7 8 9 10 11 12 13 14 15 16 17 18 19 20 21 22 23 24 25 26 27 28 29 30 31 32 33 34 35 36 37 38 39 40 41 42 43 44 45 46 47 48 49 50 51 52 53 54 55 56 57 58 59 60 61 62 63 64 65 66 67 68 69 70 71 72 73 74 75 76 77 78 79 80 81 82 83 84 85 86 87 88 89 90 91 92 93 94 95 96 97 98 99 100 101 102 103 104 105 106 107 108 109 110 111 112 113 114 115 116 117 118 119 120 121 122 123 124 125 126 127 128 129 130 131 132 133 134 135 136 137 138 139 140 141 142 143 144 145 146 147 
POLYMER-1
64
358 359 360 361 362 363 364 365 366 367 368 369 370 371 372 373 374 375 376 377 378 379 380 381 382 383 384 385 386 387 388 389 390 391 392 393 394 395 396 397 398 399 400 401 402 403 404 405 406 407 408 409 410 411 412 413 414 415 416 417 418 419 420 421 
CF-1
105
148 149 150 151 152 153 154 155 156 157 158 159 160 161 162 163 164 165 166 167 168 169 170 171 172 173 174 175 176 177 178 179 180 181 182 183 184 185 186 187 188 189 190 191 192 193 194 195 196 197 198 199 200 201 202 203 204 205 206 207 208 209 210 211 212 213 214 215 216 217 218 219 220 221 222 223 224 225 226 227 228 229 230 231 232 233 234 235 236 237 238 239 240 241 242 243 244 245 246 247 248 249 250 251 252 
CF-2
105
253 254 255 256 257 258 259 260 261 262 263 264 265 266 267 268 269 270 271 272 273 274 275 276 277 278 279 280 281 282 283 284 285 286 287 288 289 290 291 292 293 294 295 296 297 298 299 300 301 302 303 304 305 306 307 308 309 310 311 312 313 314 315 316 317 318 319 320 321 322 323 324 325 326 327 328 329 330 331 332 333 334 335 336 337 338 339 340 341 342 343 344 345 346 347 348 349 350 351 352 353 354 355 356 357 
0
VERTICALSUPPORT
0
1
0
1
CF-1
14
190 191 192 193 194 195 196 246 247 248 249 250 251 252 
0
__PICKEDSURF12_SPOS
0
2
0
1
CF-2
7
302 303 304 305 306 307 308 
0
4
POLYMER-1
11
 P       4
0
2
64
358 359 360 361 362 363 364 365 366 367 368 369 370 371 372 373 374 375 376 377 378 379 380 381 382 383 384 385 386 387 388 389 390 391 392 393 394 395 396 397 398 399 400 401 402 403 404 405 406 407 408 409 410 411 412 413 414 415 416 417 418 419 420 421 
0
0
POLYSET
0
1
60
358 359 360 361 362 363 364 365 366 367 368 369 370 371 372 373 374 375 376 377 378 379 380 381 382 383 384 385 386 387 388 389 390 391 392 393 394 395 396 397 398 399 400 401 402 403 404 405 406 407 408 409 410 411 412 413 414 415 416 417 
0
0
_PICKEDSET12
0
2
4
418 419 420 421 
0
0
_POLYBOT_S1
0
2
60
358 359 360 361 362 363 364 365 366 367 368 369 370 371 372 373 374 375 376 377 378 379 380 381 382 383 384 385 386 387 388 389 390 391 392 393 394 395 396 397 398 399 400 401 402 403 404 405 406 407 408 409 410 411 412 413 414 415 416 417 
0
0
_POLYMER-RIVET-1_S3
0
2
2
419 420 
0
0
_POLYMER-RIVET-1_S4
0
2
2
418 421 
0
0
_POLYMER-RIVET-1_S5
0
2
2
418 421 
0
0
_POLYMER-RIVET-1_S6
0
2
2
419 420 
0
0
_POLYMER-RIVET-BOT-1_S2
0
2
4
418 419 420 421 
0
0
_POLYMER-RIVET-TOP-1_S1
0
2
4
418 419 420 421 
0
0
_POLYTOP_S2
0
2
60
358 359 360 361 362 363 364 365 366 367 368 369 370 371 372 373 374 375 376 377 378 379 380 381 382 383 384 385 386 387 388 389 390 391 392 393 394 395 396 397 398 399 400 401 402 403 404 405 406 407 408 409 410 411 412 413 414 415 416 417 
0
0
0
BATTERY-1
7
 P       1
0
2
147
1 2 3 4 5 6 7 8 9 10 11 12 13 14 15 16 17 18 19 20 21 22 23 24 25 26 27 28 29 30 31 32 33 34 35 36 37 38 39 40 41 42 43 44 45 46 47 48 49 50 51 52 53 54 55 56 57 58 59 60 61 62 63 64 65 66 67 68 69 70 71 72 73 74 75 76 77 78 79 80 81 82 83 84 85 86 87 88 89 90 91 92 93 94 95 96 97 98 99 100 101 102 103 104 105 106 107 108 109 110 111 112 113 114 115 116 117 118 119 120 121 122 123 124 125 126 127 128 129 130 131 132 133 134 135 136 137 138 139 140 141 142 143 144 145 146 147 
0
0
BATSET
0
1
147
1 2 3 4 5 6 7 8 9 10 11 12 13 14 15 16 17 18 19 20 21 22 23 24 25 26 27 28 29 30 31 32 33 34 35 36 37 38 39 40 41 42 43 44 45 46 47 48 49 50 51 52 53 54 55 56 57 58 59 60 61 62 63 64 65 66 67 68 69 70 71 72 73 74 75 76 77 78 79 80 81 82 83 84 85 86 87 88 89 90 91 92 93 94 95 96 97 98 99 100 101 102 103 104 105 106 107 108 109 110 111 112 113 114 115 116 117 118 119 120 121 122 123 124 125 126 127 128 129 130 131 132 133 134 135 136 137 138 139 140 141 142 143 144 145 146 147 
0
0
_BATBOT_S1
0
2
147
1 2 3 4 5 6 7 8 9 10 11 12 13 14 15 16 17 18 19 20 21 22 23 24 25 26 27 28 29 30 31 32 33 34 35 36 37 38 39 40 41 42 43 44 45 46 47 48 49 50 51 52 53 54 55 56 57 58 59 60 61 62 63 64 65 66 67 68 69 70 71 72 73 74 75 76 77 78 79 80 81 82 83 84 85 86 87 88 89 90 91 92 93 94 95 96 97 98 99 100 101 102 103 104 105 106 107 108 109 110 111 112 113 114 115 116 117 118 119 120 121 122 123 124 125 126 127 128 129 130 131 132 133 134 135 136 137 138 139 140 141 142 143 144 145 146 147 
0
0
_BATTERY-RIVET-1_S3
0
2
2
14 15 
0
0
_BATTERY-RIVET-1_S4
0
2
1
38 
0
0
_BATTERY-RIVET-1_S6
0
2
5
21 22 24 40 42 
0
0
_BATTOP_S2
0
2
147
1 2 3 4 5 6 7 8 9 10 11 12 13 14 15 16 17 18 19 20 21 22 23 24 25 26 27 28 29 30 31 32 33 34 35 36 37 38 39 40 41 42 43 44 45 46 47 48 49 50 51 52 53 54 55 56 57 58 59 60 61 62 63 64 65 66 67 68 69 70 71 72 73 74 75 76 77 78 79 80 81 82 83 84 85 86 87 88 89 90 91 92 93 94 95 96 97 98 99 100 101 102 103 104 105 106 107 108 109 110 111 112 113 114 115 116 117 118 119 120 121 122 123 124 125 126 127 128 129 130 131 132 133 134 135 136 137 138 139 140 141 142 143 144 145 146 147 
0
0
0
CF-1
4
 P       2
0
2
105
148 149 150 151 152 153 154 155 156 157 158 159 160 161 162 163 164 165 166 167 168 169 170 171 172 173 174 175 176 177 178 179 180 181 182 183 184 185 186 187 188 189 190 191 192 193 194 195 196 197 198 199 200 201 202 203 204 205 206 207 208 209 210 211 212 213 214 215 216 217 218 219 220 221 222 223 224 225 226 227 228 229 230 231 232 233 234 235 236 237 238 239 240 241 242 243 244 245 246 247 248 249 250 251 252 
0
0
CF_SET
0
1
105
148 149 150 151 152 153 154 155 156 157 158 159 160 161 162 163 164 165 166 167 168 169 170 171 172 173 174 175 176 177 178 179 180 181 182 183 184 185 186 187 188 189 190 191 192 193 194 195 196 197 198 199 200 201 202 203 204 205 206 207 208 209 210 211 212 213 214 215 216 217 218 219 220 221 222 223 224 225 226 227 228 229 230 231 232 233 234 235 236 237 238 239 240 241 242 243 244 245 246 247 248 249 250 251 252 
0
0
_CFBOT_SNEG
0
2
105
148 149 150 151 152 153 154 155 156 157 158 159 160 161 162 163 164 165 166 167 168 169 170 171 172 173 174 175 176 177 178 179 180 181 182 183 184 185 186 187 188 189 190 191 192 193 194 195 196 197 198 199 200 201 202 203 204 205 206 207 208 209 210 211 212 213 214 215 216 217 218 219 220 221 222 223 224 225 226 227 228 229 230 231 232 233 234 235 236 237 238 239 240 241 242 243 244 245 246 247 248 249 250 251 252 
0
0
_CFTOP_SPOS
0
2
105
148 149 150 151 152 153 154 155 156 157 158 159 160 161 162 163 164 165 166 167 168 169 170 171 172 173 174 175 176 177 178 179 180 181 182 183 184 185 186 187 188 189 190 191 192 193 194 195 196 197 198 199 200 201 202 203 204 205 206 207 208 209 210 211 212 213 214 215 216 217 218 219 220 221 222 223 224 225 226 227 228 229 230 231 232 233 234 235 236 237 238 239 240 241 242 243 244 245 246 247 248 249 250 251 252 
0
0
0
CF-2
4
 P       3
0
2
105
253 254 255 256 257 258 259 260 261 262 263 264 265 266 267 268 269 270 271 272 273 274 275 276 277 278 279 280 281 282 283 284 285 286 287 288 289 290 291 292 293 294 295 296 297 298 299 300 301 302 303 304 305 306 307 308 309 310 311 312 313 314 315 316 317 318 319 320 321 322 323 324 325 326 327 328 329 330 331 332 333 334 335 336 337 338 339 340 341 342 343 344 345 346 347 348 349 350 351 352 353 354 355 356 357 
0
0
CF_SET
0
1
105
253 254 255 256 257 258 259 260 261 262 263 264 265 266 267 268 269 270 271 272 273 274 275 276 277 278 279 280 281 282 283 284 285 286 287 288 289 290 291 292 293 294 295 296 297 298 299 300 301 302 303 304 305 306 307 308 309 310 311 312 313 314 315 316 317 318 319 320 321 322 323 324 325 326 327 328 329 330 331 332 333 334 335 336 337 338 339 340 341 342 343 344 345 346 347 348 349 350 351 352 353 354 355 356 357 
0
0
_CFBOT_SNEG
0
2
105
253 254 255 256 257 258 259 260 261 262 263 264 265 266 267 268 269 270 271 272 273 274 275 276 277 278 279 280 281 282 283 284 285 286 287 288 289 290 291 292 293 294 295 296 297 298 299 300 301 302 303 304 305 306 307 308 309 310 311 312 313 314 315 316 317 318 319 320 321 322 323 324 325 326 327 328 329 330 331 332 333 334 335 336 337 338 339 340 341 342 343 344 345 346 347 348 349 350 351 352 353 354 355 356 357 
0
0
_CFTOP_SPOS
0
2
105
253 254 255 256 257 258 259 260 261 262 263 264 265 266 267 268 269 270 271 272 273 274 275 276 277 278 279 280 281 282 283 284 285 286 287 288 289 290 291 292 293 294 295 296 297 298 299 300 301 302 303 304 305 306 307 308 309 310 311 312 313 314 315 316 317 318 319 320 321 322 323 324 325 326 327 328 329 330 331 332 333 334 335 336 337 338 339 340 341 342 343 344 345 346 347 348 349 350 351 352 353 354 355 356 357 
0
0
0
4

0
2
0
4
BATTERY-1
338
1 2 3 4 5 6 7 8 9 10 11 12 13 14 15 16 17 18 19 20 21 22 23 24 25 26 27 28 29 30 31 32 33 34 35 36 37 38 39 40 41 42 43 44 45 46 47 48 49 50 51 52 53 54 55 56 57 58 59 60 61 62 63 64 65 66 67 68 69 70 71 72 73 74 75 76 77 78 79 80 81 82 83 84 85 86 87 88 89 90 91 92 93 94 95 96 97 98 99 100 101 102 103 104 105 106 107 108 109 110 111 112 113 114 115 116 117 118 119 120 121 122 123 124 125 126 127 128 129 130 131 132 133 134 135 136 137 138 139 140 141 142 143 144 145 146 147 148 149 150 151 152 153 154 155 156 157 158 159 160 161 162 163 164 165 166 167 168 169 170 171 172 173 174 175 176 177 178 179 180 181 182 183 184 185 186 187 188 189 190 191 192 193 194 195 196 197 198 199 200 201 202 203 204 205 206 207 208 209 210 211 212 213 214 215 216 217 218 219 220 221 222 223 224 225 226 227 228 229 230 231 232 233 234 235 236 237 238 239 240 241 242 243 244 245 246 247 248 249 250 251 252 253 254 255 256 257 258 259 260 261 262 263 264 265 266 267 268 269 270 271 272 273 274 275 276 277 278 279 280 281 282 283 284 285 286 287 288 289 290 291 292 293 294 295 296 297 298 299 300 301 302 303 304 305 306 307 308 309 310 311 312 313 314 315 316 317 318 319 320 321 322 323 324 325 326 327 328 329 330 331 332 333 334 335 336 337 338 
POLYMER-1
214
595 596 597 598 599 600 601 602 603 604 605 606 607 608 609 610 611 612 613 614 615 616 617 618 619 620 621 622 623 624 625 626 627 628 629 630 631 632 633 634 635 636 637 638 639 640 641 642 643 644 645 646 647 648 649 650 651 652 653 654 655 656 657 658 659 660 661 662 663 664 665 666 667 668 669 670 671 672 673 674 675 676 677 678 679 680 681 682 683 684 685 686 687 688 689 690 691 692 693 694 695 696 697 698 699 700 701 702 703 704 705 706 707 708 709 710 711 712 713 714 715 716 717 718 719 720 721 722 723 724 725 726 727 728 729 730 731 732 733 734 735 736 737 738 739 740 741 742 743 744 745 746 747 748 749 750 751 752 753 754 755 756 757 758 759 760 761 762 763 764 765 766 767 768 769 770 771 772 773 774 775 776 777 778 779 780 781 782 783 784 785 786 787 788 789 790 791 792 793 794 795 796 797 798 799 800 801 802 803 804 805 806 807 808 
CF-1
128
339 340 341 342 343 344 345 346 347 348 349 350 351 352 353 354 355 356 357 358 359 360 361 362 363 364 365 366 367 368 369 370 371 372 373 374 375 376 377 378 379 380 381 382 383 384 385 386 387 388 389 390 391 392 393 394 395 396 397 398 399 400 401 402 403 404 405 406 407 408 409 410 411 412 413 414 415 416 417 418 419 420 421 422 423 424 425 426 427 428 429 430 431 432 433 434 435 436 437 438 439 440 441 442 443 444 445 446 447 448 449 450 451 452 453 454 455 456 457 458 459 460 461 462 463 464 465 466 
CF-2
128
467 468 469 470 471 472 473 474 475 476 477 478 479 480 481 482 483 484 485 486 487 488 489 490 491 492 493 494 495 496 497 498 499 500 501 502 503 504 505 506 507 508 509 510 511 512 513 514 515 516 517 518 519 520 521 522 523 524 525 526 527 528 529 530 531 532 533 534 535 536 537 538 539 540 541 542 543 544 545 546 547 548 549 550 551 552 553 554 555 556 557 558 559 560 561 562 563 564 565 566 567 568 569 570 571 572 573 574 575 576 577 578 579 580 581 582 583 584 585 586 587 588 589 590 591 592 593 594 
0
VERTICALSUPPORT
0
1
0
1
CF-1
16
341 342 345 346 359 360 361 362 363 364 383 384 385 386 387 388 
0
XDIRSUPPORT
0
1
0
1
CF-1
2
341 342 
0
YDIRSUPPORT
0
1
0
1
CF-1
1
345 
0
4
POLYMER-1
3
 P       4
0
2
214
595 596 597 598 599 600 601 602 603 604 605 606 607 608 609 610 611 612 613 614 615 616 617 618 619 620 621 622 623 624 625 626 627 628 629 630 631 632 633 634 635 636 637 638 639 640 641 642 643 644 645 646 647 648 649 650 651 652 653 654 655 656 657 658 659 660 661 662 663 664 665 666 667 668 669 670 671 672 673 674 675 676 677 678 679 680 681 682 683 684 685 686 687 688 689 690 691 692 693 694 695 696 697 698 699 700 701 702 703 704 705 706 707 708 709 710 711 712 713 714 715 716 717 718 719 720 721 722 723 724 725 726 727 728 729 730 731 732 733 734 735 736 737 738 739 740 741 742 743 744 745 746 747 748 749 750 751 752 753 754 755 756 757 758 759 760 761 762 763 764 765 766 767 768 769 770 771 772 773 774 775 776 777 778 779 780 781 782 783 784 785 786 787 788 789 790 791 792 793 794 795 796 797 798 799 800 801 802 803 804 805 806 807 808 
0
0
POLYSET
0
1
196
595 596 597 598 599 600 601 602 603 604 605 606 607 608 609 610 613 614 615 616 617 618 619 620 621 622 623 624 625 626 627 628 629 630 631 632 633 634 635 636 637 638 639 640 641 642 643 644 645 646 647 648 649 650 651 652 653 654 655 656 657 658 659 660 661 662 663 664 665 666 667 668 669 670 671 672 673 674 675 676 677 678 679 680 681 682 683 684 685 686 687 688 689 690 691 692 693 694 695 696 697 698 699 700 701 702 703 704 705 706 707 708 709 710 711 712 713 714 715 716 717 718 719 720 721 722 723 724 725 726 727 728 729 730 731 732 733 734 735 736 737 738 739 740 741 742 743 744 745 746 747 748 763 764 765 766 767 768 769 770 771 772 773 774 775 776 777 778 779 780 781 782 783 784 785 786 787 788 789 790 791 792 793 794 795 796 797 798 799 800 801 802 803 804 805 806 
0
0
_PICKEDSET12
0
2
18
611 612 749 750 751 752 753 754 755 756 757 758 759 760 761 762 807 808 
0
0
0
BATTERY-1
2
 P       1
0
2
338
1 2 3 4 5 6 7 8 9 10 11 12 13 14 15 16 17 18 19 20 21 22 23 24 25 26 27 28 29 30 31 32 33 34 35 36 37 38 39 40 41 42 43 44 45 46 47 48 49 50 51 52 53 54 55 56 57 58 59 60 61 62 63 64 65 66 67 68 69 70 71 72 73 74 75 76 77 78 79 80 81 82 83 84 85 86 87 88 89 90 91 92 93 94 95 96 97 98 99 100 101 102 103 104 105 106 107 108 109 110 111 112 113 114 115 116 117 118 119 120 121 122 123 124 125 126 127 128 129 130 131 132 133 134 135 136 137 138 139 140 141 142 143 144 145 146 147 148 149 150 151 152 153 154 155 156 157 158 159 160 161 162 163 164 165 166 167 168 169 170 171 172 173 174 175 176 177 178 179 180 181 182 183 184 185 186 187 188 189 190 191 192 193 194 195 196 197 198 199 200 201 202 203 204 205 206 207 208 209 210 211 212 213 214 215 216 217 218 219 220 221 222 223 224 225 226 227 228 229 230 231 232 233 234 235 236 237 238 239 240 241 242 243 244 245 246 247 248 249 250 251 252 253 254 255 256 257 258 259 260 261 262 263 264 265 266 267 268 269 270 271 272 273 274 275 276 277 278 279 280 281 282 283 284 285 286 287 288 289 290 291 292 293 294 295 296 297 298 299 300 301 302 303 304 305 306 307 308 309 310 311 312 313 314 315 316 317 318 319 320 321 322 323 324 325 326 327 328 329 330 331 332 333 334 335 336 337 338 
0
0
BATSET
0
1
338
1 2 3 4 5 6 7 8 9 10 11 12 13 14 15 16 17 18 19 20 21 22 23 24 25 26 27 28 29 30 31 32 33 34 35 36 37 38 39 40 41 42 43 44 45 46 47 48 49 50 51 52 53 54 55 56 57 58 59 60 61 62 63 64 65 66 67 68 69 70 71 72 73 74 75 76 77 78 79 80 81 82 83 84 85 86 87 88 89 90 91 92 93 94 95 96 97 98 99 100 101 102 103 104 105 106 107 108 109 110 111 112 113 114 115 116 117 118 119 120 121 122 123 124 125 126 127 128 129 130 131 132 133 134 135 136 137 138 139 140 141 142 143 144 145 146 147 148 149 150 151 152 153 154 155 156 157 158 159 160 161 162 163 164 165 166 167 168 169 170 171 172 173 174 175 176 177 178 179 180 181 182 183 184 185 186 187 188 189 190 191 192 193 194 195 196 197 198 199 200 201 202 203 204 205 206 207 208 209 210 211 212 213 214 215 216 217 218 219 220 221 222 223 224 225 226 227 228 229 230 231 232 233 234 235 236 237 238 239 240 241 242 243 244 245 246 247 248 249 250 251 252 253 254 255 256 257 258 259 260 261 262 263 264 265 266 267 268 269 270 271 272 273 274 275 276 277 278 279 280 281 282 283 284 285 286 287 288 289 290 291 292 293 294 295 296 297 298 299 300 301 302 303 304 305 306 307 308 309 310 311 312 313 314 315 316 317 318 319 320 321 322 323 324 325 326 327 328 329 330 331 332 333 334 335 336 337 338 
0
0
0
CF-1
2
 P       2
0
2
128
339 340 341 342 343 344 345 346 347 348 349 350 351 352 353 354 355 356 357 358 359 360 361 362 363 364 365 366 367 368 369 370 371 372 373 374 375 376 377 378 379 380 381 382 383 384 385 386 387 388 389 390 391 392 393 394 395 396 397 398 399 400 401 402 403 404 405 406 407 408 409 410 411 412 413 414 415 416 417 418 419 420 421 422 423 424 425 426 427 428 429 430 431 432 433 434 435 436 437 438 439 440 441 442 443 444 445 446 447 448 449 450 451 452 453 454 455 456 457 458 459 460 461 462 463 464 465 466 
0
0
CF_SET
0
1
128
339 340 341 342 343 344 345 346 347 348 349 350 351 352 353 354 355 356 357 358 359 360 361 362 363 364 365 366 367 368 369 370 371 372 373 374 375 376 377 378 379 380 381 382 383 384 385 386 387 388 389 390 391 392 393 394 395 396 397 398 399 400 401 402 403 404 405 406 407 408 409 410 411 412 413 414 415 416 417 418 419 420 421 422 423 424 425 426 427 428 429 430 431 432 433 434 435 436 437 438 439 440 441 442 443 444 445 446 447 448 449 450 451 452 453 454 455 456 457 458 459 460 461 462 463 464 465 466 
0
0
0
CF-2
2
 P       3
0
2
128
467 468 469 470 471 472 473 474 475 476 477 478 479 480 481 482 483 484 485 486 487 488 489 490 491 492 493 494 495 496 497 498 499 500 501 502 503 504 505 506 507 508 509 510 511 512 513 514 515 516 517 518 519 520 521 522 523 524 525 526 527 528 529 530 531 532 533 534 535 536 537 538 539 540 541 542 543 544 545 546 547 548 549 550 551 552 553 554 555 556 557 558 559 560 561 562 563 564 565 566 567 568 569 570 571 572 573 574 575 576 577 578 579 580 581 582 583 584 585 586 587 588 589 590 591 592 593 594 
0
0
CF_SET
0
1
128
467 468 469 470 471 472 473 474 475 476 477 478 479 480 481 482 483 484 485 486 487 488 489 490 491 492 493 494 495 496 497 498 499 500 501 502 503 504 505 506 507 508 509 510 511 512 513 514 515 516 517 518 519 520 521 522 523 524 525 526 527 528 529 530 531 532 533 534 535 536 537 538 539 540 541 542 543 544 545 546 547 548 549 550 551 552 553 554 555 556 557 558 559 560 561 562 563 564 565 566 567 568 569 570 571 572 573 574 575 576 577 578 579 580 581 582 583 584 585 586 587 588 589 590 591 592 593 594 
0
0
0
4
BATTERY-1
3
BATBOT
0
0
1
S1
147
1 2 3 4 5 6 7 8 9 10 11 12 13 14 15 16 17 18 19 20 21 22 23 24 25 26 27 28 29 30 31 32 33 34 35 36 37 38 39 40 41 42 43 44 45 46 47 48 49 50 51 52 53 54 55 56 57 58 59 60 61 62 63 64 65 66 67 68 69 70 71 72 73 74 75 76 77 78 79 80 81 82 83 84 85 86 87 88 89 90 91 92 93 94 95 96 97 98 99 100 101 102 103 104 105 106 107 108 109 110 111 112 113 114 115 116 117 118 119 120 121 122 123 124 125 126 127 128 129 130 131 132 133 134 135 136 137 138 139 140 141 142 143 144 145 146 147 
BATTERY-RIVET-1
0
0
3
S3
2
14 15 
S6
5
21 22 24 40 42 
S4
1
38 
BATTOP
0
0
1
S2
147
1 2 3 4 5 6 7 8 9 10 11 12 13 14 15 16 17 18 19 20 21 22 23 24 25 26 27 28 29 30 31 32 33 34 35 36 37 38 39 40 41 42 43 44 45 46 47 48 49 50 51 52 53 54 55 56 57 58 59 60 61 62 63 64 65 66 67 68 69 70 71 72 73 74 75 76 77 78 79 80 81 82 83 84 85 86 87 88 89 90 91 92 93 94 95 96 97 98 99 100 101 102 103 104 105 106 107 108 109 110 111 112 113 114 115 116 117 118 119 120 121 122 123 124 125 126 127 128 129 130 131 132 133 134 135 136 137 138 139 140 141 142 143 144 145 146 147 
CF-1
2
CFBOT
0
0
1
SNEG
105
148 149 150 151 152 153 154 155 156 157 158 159 160 161 162 163 164 165 166 167 168 169 170 171 172 173 174 175 176 177 178 179 180 181 182 183 184 185 186 187 188 189 190 191 192 193 194 195 196 197 198 199 200 201 202 203 204 205 206 207 208 209 210 211 212 213 214 215 216 217 218 219 220 221 222 223 224 225 226 227 228 229 230 231 232 233 234 235 236 237 238 239 240 241 242 243 244 245 246 247 248 249 250 251 252 
CFTOP
0
0
1
SPOS
105
148 149 150 151 152 153 154 155 156 157 158 159 160 161 162 163 164 165 166 167 168 169 170 171 172 173 174 175 176 177 178 179 180 181 182 183 184 185 186 187 188 189 190 191 192 193 194 195 196 197 198 199 200 201 202 203 204 205 206 207 208 209 210 211 212 213 214 215 216 217 218 219 220 221 222 223 224 225 226 227 228 229 230 231 232 233 234 235 236 237 238 239 240 241 242 243 244 245 246 247 248 249 250 251 252 
CF-2
2
CFBOT
0
0
1
SNEG
105
253 254 255 256 257 258 259 260 261 262 263 264 265 266 267 268 269 270 271 272 273 274 275 276 277 278 279 280 281 282 283 284 285 286 287 288 289 290 291 292 293 294 295 296 297 298 299 300 301 302 303 304 305 306 307 308 309 310 311 312 313 314 315 316 317 318 319 320 321 322 323 324 325 326 327 328 329 330 331 332 333 334 335 336 337 338 339 340 341 342 343 344 345 346 347 348 349 350 351 352 353 354 355 356 357 
CFTOP
0
0
1
SPOS
105
253 254 255 256 257 258 259 260 261 262 263 264 265 266 267 268 269 270 271 272 273 274 275 276 277 278 279 280 281 282 283 284 285 286 287 288 289 290 291 292 293 294 295 296 297 298 299 300 301 302 303 304 305 306 307 308 309 310 311 312 313 314 315 316 317 318 319 320 321 322 323 324 325 326 327 328 329 330 331 332 333 334 335 336 337 338 339 340 341 342 343 344 345 346 347 348 349 350 351 352 353 354 355 356 357 
POLYMER-1
5
POLYBOT
0
0
1
S1
60
358 359 360 361 362 363 364 365 366 367 368 369 370 371 372 373 374 375 376 377 378 379 380 381 382 383 384 385 386 387 388 389 390 391 392 393 394 395 396 397 398 399 400 401 402 403 404 405 406 407 408 409 410 411 412 413 414 415 416 417 
POLYMER-RIVET-1
0
0
4
S4
2
418 421 
S5
2
418 421 
S6
2
419 420 
S3
2
419 420 
POLYMER-RIVET-BOT-1
0
0
1
S2
4
418 419 420 421 
POLYMER-RIVET-TOP-1
0
0
1
S1
4
418 419 420 421 
POLYTOP
0
0
1
S2
60
358 359 360 361 362 363 364 365 366 367 368 369 370 371 372 373 374 375 376 377 378 379 380 381 382 383 384 385 386 387 388 389 390 391 392 393 394 395 396 397 398 399 400 401 402 403 404 405 406 407 408 409 410 411 412 413 414 415 416 417 
1
_PICKEDSURF12
1
0
0
1
CF-2
0
0
1
SPOS
7
302 303 304 305 306 307 308 
