Analysis initiated from SIMULIA established products
Abaqus JOB Job-77
Abaqus 3DEXPERIENCE R2019x
Abaqus License Manager checked out the following licenses:
Abaqus/Standard checked out 10 tokens from Flexnet server license4.stanford.edu.
<102 out of 112 licenses remain available>.
Begin Analysis Input File Processor
5/29/2019 2:28:53 PM
Run pre.exe
5/29/2019 2:28:57 PM
End Analysis Input File Processor
Begin Abaqus/Standard Analysis
5/29/2019 2:28:57 PM
Run standard.exe
5/29/2019 2:36:42 PM
Abaqus Error: Abaqus/Standard Analysis exited with an error - Please see the 
message file for possible error messages if the file exists.
Begin Convert MFS to SFS
5/29/2019 2:36:43 PM
Run SMASimUtility.exe
5/29/2019 2:36:43 PM
End Convert MFS to SFS
Abaqus/Analysis exited with errors
