Analysis initiated from SIMULIA established products
Abaqus JOB Job-38
Abaqus 3DEXPERIENCE R2019x
Abaqus License Manager checked out the following licenses:
Abaqus/Standard checked out 5 tokens from Flexnet server license4.stanford.edu.
<107 out of 112 licenses remain available>.
Begin Analysis Input File Processor
5/27/2019 8:52:26 PM
Run pre.exe
5/27/2019 8:52:29 PM
End Analysis Input File Processor
Begin Abaqus/Standard Analysis
5/27/2019 8:52:29 PM
Run standard.exe
5/27/2019 8:57:21 PM
End Abaqus/Standard Analysis
Begin Convert MFS to SFS
5/27/2019 8:57:22 PM
Run SMASimUtility.exe
5/27/2019 8:57:22 PM
End Convert MFS to SFS
Abaqus JOB Job-38 COMPLETED
