Analysis initiated from SIMULIA established products
Abaqus JOB Job-3
Abaqus 3DEXPERIENCE R2019x
Abaqus License Manager checked out the following licenses:
Abaqus/Standard checked out 10 tokens from Flexnet server license4.stanford.edu.
<102 out of 112 licenses remain available>.
Begin Analysis Input File Processor
5/29/2019 11:50:06 AM
Run pre.exe
5/29/2019 11:50:09 AM
End Analysis Input File Processor
Begin Abaqus/Standard Analysis
5/29/2019 11:50:09 AM
Run standard.exe
5/29/2019 11:51:04 AM
End Abaqus/Standard Analysis
Begin Convert MFS to SFS
5/29/2019 11:51:06 AM
Run SMASimUtility.exe
5/29/2019 11:51:06 AM
End Convert MFS to SFS
Abaqus JOB Job-3 COMPLETED
