Analysis initiated from SIMULIA established products
Abaqus JOB Job-13
Abaqus 3DEXPERIENCE R2019x
Abaqus License Manager checked out the following licenses:
Abaqus/Standard checked out 5 tokens from Flexnet server license4.stanford.edu.
<107 out of 112 licenses remain available>.
Begin Analysis Input File Processor
5/27/2019 5:29:32 PM
Run pre.exe
5/27/2019 5:29:36 PM
End Analysis Input File Processor
Begin Abaqus/Standard Analysis
5/27/2019 5:29:36 PM
Run standard.exe
5/27/2019 5:34:54 PM
End Abaqus/Standard Analysis
Begin Convert MFS to SFS
5/27/2019 5:34:56 PM
Run SMASimUtility.exe
5/27/2019 5:34:57 PM
End Convert MFS to SFS
Abaqus JOB Job-13 COMPLETED
