Analysis initiated from SIMULIA established products
Abaqus JOB Job-35
Abaqus 3DEXPERIENCE R2019x
Abaqus License Manager checked out the following licenses:
Abaqus/Standard checked out 5 tokens from Flexnet server license4.stanford.edu.
<107 out of 112 licenses remain available>.
Begin Analysis Input File Processor
5/27/2019 8:25:48 PM
Run pre.exe
5/27/2019 8:25:52 PM
End Analysis Input File Processor
Begin Abaqus/Standard Analysis
5/27/2019 8:25:52 PM
Run standard.exe
5/27/2019 8:29:49 PM
End Abaqus/Standard Analysis
Begin Convert MFS to SFS
5/27/2019 8:29:50 PM
Run SMASimUtility.exe
5/27/2019 8:29:50 PM
End Convert MFS to SFS
Abaqus JOB Job-35 COMPLETED
