Analysis initiated from SIMULIA established products
Abaqus JOB Job-70
Abaqus 3DEXPERIENCE R2019x
Abaqus License Manager checked out the following licenses:
Abaqus/Standard checked out 10 tokens from Flexnet server license4.stanford.edu.
<102 out of 112 licenses remain available>.
Begin Analysis Input File Processor
5/29/2019 2:20:02 PM
Run pre.exe
5/29/2019 2:20:05 PM
End Analysis Input File Processor
Begin Abaqus/Standard Analysis
5/29/2019 2:20:05 PM
Run standard.exe
5/29/2019 2:21:07 PM
End Abaqus/Standard Analysis
Begin Convert MFS to SFS
5/29/2019 2:21:08 PM
Run SMASimUtility.exe
5/29/2019 2:21:08 PM
End Convert MFS to SFS
Abaqus JOB Job-70 COMPLETED
