Analysis initiated from SIMULIA established products
Abaqus JOB Job-135
Abaqus 3DEXPERIENCE R2019x
Abaqus License Manager checked out the following licenses:
Abaqus/Standard checked out 10 tokens from Flexnet server license4.stanford.edu.
<102 out of 112 licenses remain available>.
Begin Analysis Input File Processor
5/29/2019 6:43:29 PM
Run pre.exe
5/29/2019 6:43:35 PM
End Analysis Input File Processor
Begin Abaqus/Standard Analysis
5/29/2019 6:43:35 PM
Run standard.exe
forrtl: error (200): program aborting due to window-CLOSE event
Image              PC                Routine            Line        Source             
libifcoremd.dll    00007FFE7BCC43E4  Unknown               Unknown  Unknown
KERNELBASE.dll     00007FFEE2603A33  Unknown               Unknown  Unknown
KERNEL32.DLL       00007FFEE4767974  Unknown               Unknown  Unknown
ntdll.dll          00007FFEE606A271  Unknown               Unknown  Unknown
5/29/2019 6:43:47 PM
