Analysis initiated from SIMULIA established products
Abaqus JOB Job-1
Abaqus 3DEXPERIENCE R2019x
Abaqus License Manager checked out the following licenses:
Abaqus/Standard checked out 5 tokens from Flexnet server license4.stanford.edu.
<107 out of 112 licenses remain available>.
Begin Analysis Input File Processor
5/26/2019 7:49:19 PM
Run pre.exe
5/26/2019 7:49:23 PM
End Analysis Input File Processor
Begin Abaqus/Standard Analysis
5/26/2019 7:49:23 PM
Run standard.exe
5/26/2019 7:50:59 PM
Abaqus Error: Abaqus/Standard Analysis exited with an error - Please see the 
message file for possible error messages if the file exists.
Begin Convert MFS to SFS
5/26/2019 7:51:00 PM
Run SMASimUtility.exe
5/26/2019 7:51:00 PM
End Convert MFS to SFS
Abaqus/Analysis exited with errors
