Analysis initiated from SIMULIA established products
Abaqus JOB Job-40
Abaqus 3DEXPERIENCE R2019x
Abaqus License Manager checked out the following licenses:
Abaqus/Standard checked out 10 tokens from Flexnet server license4.stanford.edu.
<102 out of 112 licenses remain available>.
Begin Analysis Input File Processor
5/29/2019 1:04:23 PM
Run pre.exe
5/29/2019 1:04:27 PM
End Analysis Input File Processor
Begin Abaqus/Standard Analysis
5/29/2019 1:04:27 PM
Run standard.exe
5/29/2019 1:05:44 PM
End Abaqus/Standard Analysis
Begin Convert MFS to SFS
5/29/2019 1:05:46 PM
Run SMASimUtility.exe
5/29/2019 1:05:46 PM
End Convert MFS to SFS
Abaqus JOB Job-40 COMPLETED
